[ 2016-12-11T10:11:35+08:00 ] ::1 /Snow_php_admin_framework/signup.html
INFO: [ app_init ] --START--
INFO: Run Behavior\BuildLiteBehavior [ RunTime:0.000016s ]
INFO: [ app_init ] --END-- [ RunTime:0.000710s ]
ERR: 无法加载模块:Signup

[ 2016-12-11T11:05:20+08:00 ] ::1 /Snow_php_admin_framework/index.js.map
INFO: [ app_init ] --START--
INFO: Run Behavior\BuildLiteBehavior [ RunTime:0.000028s ]
INFO: [ app_init ] --END-- [ RunTime:0.001677s ]
ERR: 无法加载模块:Index.js

[ 2016-12-11T11:06:19+08:00 ] ::1 /Snow_php_admin_framework/index.js.map
INFO: [ app_init ] --START--
INFO: Run Behavior\BuildLiteBehavior [ RunTime:0.000014s ]
INFO: [ app_init ] --END-- [ RunTime:0.000490s ]
ERR: 无法加载模块:Index.js

[ 2016-12-11T11:06:21+08:00 ] ::1 /Snow_php_admin_framework/index.js.map
INFO: [ app_init ] --START--
INFO: Run Behavior\BuildLiteBehavior [ RunTime:0.000104s ]
INFO: [ app_init ] --END-- [ RunTime:0.003178s ]
ERR: 无法加载模块:Index.js

[ 2016-12-11T11:06:53+08:00 ] ::1 /Snow_php_admin_framework/index.js.map
INFO: [ app_init ] --START--
INFO: Run Behavior\BuildLiteBehavior [ RunTime:0.000018s ]
INFO: [ app_init ] --END-- [ RunTime:0.000734s ]
ERR: 无法加载模块:Index.js

[ 2016-12-11T11:06:55+08:00 ] ::1 /Snow_php_admin_framework/index.js.map
INFO: [ app_init ] --START--
INFO: Run Behavior\BuildLiteBehavior [ RunTime:0.000015s ]
INFO: [ app_init ] --END-- [ RunTime:0.000488s ]
ERR: 无法加载模块:Index.js

[ 2016-12-11T11:08:49+08:00 ] ::1 /Snow_php_admin_framework/index.js.map
INFO: [ app_init ] --START--
INFO: Run Behavior\BuildLiteBehavior [ RunTime:0.000015s ]
INFO: [ app_init ] --END-- [ RunTime:0.000576s ]
ERR: 无法加载模块:Index.js

[ 2016-12-11T11:09:46+08:00 ] ::1 /Snow_php_admin_framework/index.js.map
INFO: [ app_init ] --START--
INFO: Run Behavior\BuildLiteBehavior [ RunTime:0.000021s ]
INFO: [ app_init ] --END-- [ RunTime:0.000714s ]
ERR: 无法加载模块:Index.js

[ 2016-12-11T11:09:55+08:00 ] ::1 /Snow_php_admin_framework/index.js.map
INFO: [ app_init ] --START--
INFO: Run Behavior\BuildLiteBehavior [ RunTime:0.000024s ]
INFO: [ app_init ] --END-- [ RunTime:0.000624s ]
ERR: 无法加载模块:Index.js

[ 2016-12-11T11:10:08+08:00 ] ::1 /Snow_php_admin_framework/index.js.map
INFO: [ app_init ] --START--
INFO: Run Behavior\BuildLiteBehavior [ RunTime:0.000022s ]
INFO: [ app_init ] --END-- [ RunTime:0.000702s ]
ERR: 无法加载模块:Index.js

[ 2016-12-11T11:10:09+08:00 ] ::1 /Snow_php_admin_framework/index.js.map
INFO: [ app_init ] --START--
INFO: Run Behavior\BuildLiteBehavior [ RunTime:0.000027s ]
INFO: [ app_init ] --END-- [ RunTime:0.000817s ]
ERR: 无法加载模块:Index.js

[ 2016-12-11T11:10:52+08:00 ] ::1 /Snow_php_admin_framework/index.js.map
INFO: [ app_init ] --START--
INFO: Run Behavior\BuildLiteBehavior [ RunTime:0.000023s ]
INFO: [ app_init ] --END-- [ RunTime:0.000695s ]
ERR: 无法加载模块:Index.js

[ 2016-12-11T11:11:10+08:00 ] ::1 /Snow_php_admin_framework/index.js.map
INFO: [ app_init ] --START--
INFO: Run Behavior\BuildLiteBehavior [ RunTime:0.000014s ]
INFO: [ app_init ] --END-- [ RunTime:0.000451s ]
ERR: 无法加载模块:Index.js

[ 2016-12-11T11:11:25+08:00 ] ::1 /Snow_php_admin_framework/index.js.map
INFO: [ app_init ] --START--
INFO: Run Behavior\BuildLiteBehavior [ RunTime:0.000030s ]
INFO: [ app_init ] --END-- [ RunTime:0.001514s ]
ERR: 无法加载模块:Index.js

[ 2016-12-11T11:11:34+08:00 ] ::1 /Snow_php_admin_framework/index.js.map
INFO: [ app_init ] --START--
INFO: Run Behavior\BuildLiteBehavior [ RunTime:0.000032s ]
INFO: [ app_init ] --END-- [ RunTime:0.001784s ]
ERR: 无法加载模块:Index.js

[ 2016-12-11T11:12:03+08:00 ] ::1 /Snow_php_admin_framework/index.js.map
INFO: [ app_init ] --START--
INFO: Run Behavior\BuildLiteBehavior [ RunTime:0.000023s ]
INFO: [ app_init ] --END-- [ RunTime:0.000697s ]
ERR: 无法加载模块:Index.js

[ 2016-12-11T11:12:05+08:00 ] ::1 /Snow_php_admin_framework/index.js.map
INFO: [ app_init ] --START--
INFO: Run Behavior\BuildLiteBehavior [ RunTime:0.000014s ]
INFO: [ app_init ] --END-- [ RunTime:0.000449s ]
ERR: 无法加载模块:Index.js

[ 2016-12-11T11:12:27+08:00 ] ::1 /Snow_php_admin_framework/index.js.map
INFO: [ app_init ] --START--
INFO: Run Behavior\BuildLiteBehavior [ RunTime:0.000023s ]
INFO: [ app_init ] --END-- [ RunTime:0.000668s ]
ERR: 无法加载模块:Index.js

[ 2016-12-11T11:12:54+08:00 ] ::1 /Snow_php_admin_framework/index.js.map
INFO: [ app_init ] --START--
INFO: Run Behavior\BuildLiteBehavior [ RunTime:0.000024s ]
INFO: [ app_init ] --END-- [ RunTime:0.000813s ]
ERR: 无法加载模块:Index.js

[ 2016-12-11T11:12:55+08:00 ] ::1 /Snow_php_admin_framework/index.js.map
INFO: [ app_init ] --START--
INFO: Run Behavior\BuildLiteBehavior [ RunTime:0.000027s ]
INFO: [ app_init ] --END-- [ RunTime:0.000824s ]
ERR: 无法加载模块:Index.js

[ 2016-12-11T11:13:03+08:00 ] ::1 /Snow_php_admin_framework/index.js.map
INFO: [ app_init ] --START--
INFO: Run Behavior\BuildLiteBehavior [ RunTime:0.000037s ]
INFO: [ app_init ] --END-- [ RunTime:0.000843s ]
ERR: 无法加载模块:Index.js

[ 2016-12-11T11:13:14+08:00 ] ::1 /Snow_php_admin_framework/index.js.map
INFO: [ app_init ] --START--
INFO: Run Behavior\BuildLiteBehavior [ RunTime:0.000014s ]
INFO: [ app_init ] --END-- [ RunTime:0.000460s ]
ERR: 无法加载模块:Index.js

[ 2016-12-11T11:13:36+08:00 ] ::1 /Snow_php_admin_framework/index.js.map
INFO: [ app_init ] --START--
INFO: Run Behavior\BuildLiteBehavior [ RunTime:0.000020s ]
INFO: [ app_init ] --END-- [ RunTime:0.000712s ]
ERR: 无法加载模块:Index.js

[ 2016-12-11T12:50:18+08:00 ] ::1 /Snow_php_admin_framework/Public/css/zm.css
INFO: [ app_init ] --START--
INFO: Run Behavior\BuildLiteBehavior [ RunTime:0.000013s ]
INFO: [ app_init ] --END-- [ RunTime:0.000484s ]
ERR: 无法加载模块:Public

[ 2016-12-11T12:50:18+08:00 ] ::1 /Snow_php_admin_framework/Public/img/sm.png
INFO: [ app_init ] --START--
INFO: Run Behavior\BuildLiteBehavior [ RunTime:0.000021s ]
INFO: [ app_init ] --END-- [ RunTime:0.000523s ]
ERR: 无法加载模块:Public

[ 2016-12-11T12:51:24+08:00 ] ::1 /Snow_php_admin_framework/Public/css/zm.css
INFO: [ app_init ] --START--
INFO: Run Behavior\BuildLiteBehavior [ RunTime:0.000014s ]
INFO: [ app_init ] --END-- [ RunTime:0.000508s ]
ERR: 无法加载模块:Public

[ 2016-12-11T12:51:24+08:00 ] ::1 /Snow_php_admin_framework/Public/img/sm.png
INFO: [ app_init ] --START--
INFO: Run Behavior\BuildLiteBehavior [ RunTime:0.000019s ]
INFO: [ app_init ] --END-- [ RunTime:0.000529s ]
ERR: 无法加载模块:Public

[ 2016-12-11T12:52:03+08:00 ] ::1 /Snow_php_admin_framework/Public/css/zm.css
INFO: [ app_init ] --START--
INFO: Run Behavior\BuildLiteBehavior [ RunTime:0.000015s ]
INFO: [ app_init ] --END-- [ RunTime:0.000507s ]
ERR: 无法加载模块:Public

[ 2016-12-11T12:52:16+08:00 ] ::1 /Snow_php_admin_framework/Public/css/zm.css
INFO: [ app_init ] --START--
INFO: Run Behavior\BuildLiteBehavior [ RunTime:0.000049s ]
INFO: [ app_init ] --END-- [ RunTime:0.001564s ]
ERR: 无法加载模块:Public

[ 2016-12-11T12:52:28+08:00 ] ::1 /Snow_php_admin_framework/Public/css/zm.css
INFO: [ app_init ] --START--
INFO: Run Behavior\BuildLiteBehavior [ RunTime:0.000027s ]
INFO: [ app_init ] --END-- [ RunTime:0.000756s ]
ERR: 无法加载模块:Public

[ 2016-12-11T12:53:35+08:00 ] ::1 /Snow_php_admin_framework/Public/css/zm.css
INFO: [ app_init ] --START--
INFO: Run Behavior\BuildLiteBehavior [ RunTime:0.000013s ]
INFO: [ app_init ] --END-- [ RunTime:0.000447s ]
ERR: 无法加载模块:Public

[ 2016-12-11T12:53:35+08:00 ] ::1 /Snow_php_admin_framework/Public/img/sm.png
INFO: [ app_init ] --START--
INFO: Run Behavior\BuildLiteBehavior [ RunTime:0.000015s ]
INFO: [ app_init ] --END-- [ RunTime:0.000457s ]
ERR: 无法加载模块:Public

[ 2016-12-11T12:54:38+08:00 ] ::1 /Snow_php_admin_framework/Public/css/zm.css
INFO: [ app_init ] --START--
INFO: Run Behavior\BuildLiteBehavior [ RunTime:0.000027s ]
INFO: [ app_init ] --END-- [ RunTime:0.000816s ]
ERR: 无法加载模块:Public

[ 2016-12-11T12:55:20+08:00 ] ::1 /Snow_php_admin_framework/Public/css/zm.css
INFO: [ app_init ] --START--
INFO: Run Behavior\BuildLiteBehavior [ RunTime:0.000014s ]
INFO: [ app_init ] --END-- [ RunTime:0.000444s ]
ERR: 无法加载模块:Public

[ 2016-12-11T13:27:44+08:00 ] ::1 /Snow_php_admin_framework/Public/css/zm.css
INFO: [ app_init ] --START--
INFO: Run Behavior\BuildLiteBehavior [ RunTime:0.000015s ]
INFO: [ app_init ] --END-- [ RunTime:0.000590s ]
ERR: 无法加载模块:Public

[ 2016-12-11T13:27:50+08:00 ] ::1 /Snow_php_admin_framework/Public/css/zm.css
INFO: [ app_init ] --START--
INFO: Run Behavior\BuildLiteBehavior [ RunTime:0.000014s ]
INFO: [ app_init ] --END-- [ RunTime:0.000409s ]
ERR: 无法加载模块:Public

[ 2016-12-11T13:28:08+08:00 ] ::1 /Snow_php_admin_framework/Public/css/zm.css
INFO: [ app_init ] --START--
INFO: Run Behavior\BuildLiteBehavior [ RunTime:0.000025s ]
INFO: [ app_init ] --END-- [ RunTime:0.000641s ]
ERR: 无法加载模块:Public

[ 2016-12-11T13:28:25+08:00 ] ::1 /Snow_php_admin_framework/Public/css/zm.css
INFO: [ app_init ] --START--
INFO: Run Behavior\BuildLiteBehavior [ RunTime:0.000017s ]
INFO: [ app_init ] --END-- [ RunTime:0.000571s ]
ERR: 无法加载模块:Public

[ 2016-12-11T13:29:11+08:00 ] ::1 /Snow_php_admin_framework/Public/css/zm.css
INFO: [ app_init ] --START--
INFO: Run Behavior\BuildLiteBehavior [ RunTime:0.000024s ]
INFO: [ app_init ] --END-- [ RunTime:0.000998s ]
ERR: 无法加载模块:Public

[ 2016-12-11T15:09:35+08:00 ] ::1 /Snow_php_admin_framework/index.php/Node/index
INFO: [ app_init ] --START--
INFO: Run Behavior\BuildLiteBehavior [ RunTime:0.000017s ]
INFO: [ app_init ] --END-- [ RunTime:0.000579s ]
ERR: 无法加载模块:Node

[ 2016-12-11T15:09:39+08:00 ] ::1 /Snow_php_admin_framework/index.php/Menu/index
INFO: [ app_init ] --START--
INFO: Run Behavior\BuildLiteBehavior [ RunTime:0.000017s ]
INFO: [ app_init ] --END-- [ RunTime:0.000551s ]
ERR: 无法加载模块:Menu

[ 2016-12-11T15:09:48+08:00 ] ::1 /Snow_php_admin_framework/index.php/Index/index
INFO: [ app_init ] --START--
INFO: Run Behavior\BuildLiteBehavior [ RunTime:0.000017s ]
INFO: [ app_init ] --END-- [ RunTime:0.000616s ]
ERR: 无法加载模块:Index

